0 verbose cli /opt/homebrew/Cellar/node/25.6.1_1/bin/node /opt/homebrew/bin/npm
1 info using npm@11.9.0
2 info using node@v25.6.1
3 silly config load:file:/opt/homebrew/lib/node_modules/npm/npmrc
4 silly config load:file:/Users/minhyuk/Antigravity/re-view-all/web/.npmrc
5 silly config load:file:/Users/minhyuk/Antigravity/re-view-all/web/.home/.npmrc
6 silly config load:file:/opt/homebrew/etc/npmrc
7 verbose title npm run deploy
8 verbose argv "run" "deploy"
9 verbose logfile logs-max:10 dir:/Users/minhyuk/Antigravity/re-view-all/web/.home/.npm/_logs/2026-04-02T15_42_49_045Z-
10 verbose logfile /Users/minhyuk/Antigravity/re-view-all/web/.home/.npm/_logs/2026-04-02T15_42_49_045Z-debug-0.log
11 silly logfile done cleaning log files
12 http fetch GET 200 https://registry.npmjs.org/npm 156ms
13 verbose cwd /Users/minhyuk/Antigravity/re-view-all/web
14 verbose os Darwin 25.3.0
15 verbose node v25.6.1
16 verbose npm  v11.9.0
17 notice
17 notice New [33mminor[39m version of npm available! [33m11.9.0[39m -> [34m11.12.1[39m
17 notice Changelog: [34mhttps://github.com/npm/cli/releases/tag/v11.12.1[39m
17 notice To update run: [4mnpm install -g npm@11.12.1[24m
17 notice  { force: true, Symbol(proc-log.meta): true }
18 verbose exit 0
19 info ok
